<?xml version="1.0" encoding="UTF-8"?>
<testng-results ignored="0" total="1" passed="0" failed="1" skipped="0">
  <reporter-output>
  </reporter-output>
  <suite started-at="2025-04-17T15:24:50 IST" name="Default suite" finished-at="2025-04-17T15:25:16 IST" duration-ms="25818">
    <groups>
      <group name="regressionTest">
        <method signature="CreateProductTest.createProductTest()[pri:0, instance:product.CreateProductTest@6e535154]" name="createProductTest" class="product.CreateProductTest"/>
      </group> <!-- regressionTest -->
    </groups>
    <test started-at="2025-04-17T15:24:50 IST" name="Default test" finished-at="2025-04-17T15:25:16 IST" duration-ms="25818">
      <class name="product.CreateProductTest">
        <test-method is-config="true" signature="beforeSuite()[pri:0, instance:product.CreateProductTest@6e535154]" started-at="2025-04-17T15:24:50 IST" name="beforeSuite" finished-at="2025-04-17T15:24:50 IST" duration-ms="31" status="PASS">
          <reporter-output>
          </reporter-output>
        </test-method> <!-- beforeSuite -->
        <test-method is-config="true" signature="beforeTest()[pri:0, instance:product.CreateProductTest@6e535154]" started-at="2025-04-17T15:24:51 IST" name="beforeTest" finished-at="2025-04-17T15:24:51 IST" duration-ms="0" status="PASS">
          <reporter-output>
          </reporter-output>
        </test-method> <!-- beforeTest -->
        <test-method is-config="true" signature="beforeClass()[pri:0, instance:product.CreateProductTest@6e535154]" started-at="2025-04-17T15:24:51 IST" name="beforeClass" finished-at="2025-04-17T15:24:55 IST" duration-ms="4150" status="PASS">
          <reporter-output>
          </reporter-output>
        </test-method> <!-- beforeClass -->
        <test-method is-config="true" signature="beforeMethod()[pri:0, instance:product.CreateProductTest@6e535154]" started-at="2025-04-17T15:24:55 IST" name="beforeMethod" finished-at="2025-04-17T15:24:59 IST" duration-ms="4146" status="PASS">
          <reporter-output>
          </reporter-output>
        </test-method> <!-- beforeMethod -->
        <test-method signature="createProductTest()[pri:0, instance:product.CreateProductTest@6e535154]" started-at="2025-04-17T15:24:59 IST" name="createProductTest" finished-at="2025-04-17T15:25:12 IST" duration-ms="13199" status="FAIL">
          <exception class="java.lang.AssertionError">
            <message>
              <![CDATA[im failing the script]]>
            </message>
            <full-stacktrace>
              <![CDATA[java.lang.AssertionError: im failing the script
at org.testng.Assert.fail(Assert.java:111)
at product.CreateProductTest.createProductTest(CreateProductTest.java:55)
at java.base/jdk.internal.reflect.NativeMethodAccessorImpl.invoke0(Native Method)
at java.base/jdk.internal.reflect.NativeMethodAccessorImpl.invoke(NativeMethodAccessorImpl.java:78)
at java.base/jdk.internal.reflect.DelegatingMethodAccessorImpl.invoke(DelegatingMethodAccessorImpl.java:43)
at java.base/java.lang.reflect.Method.invoke(Method.java:567)
at org.testng.internal.invokers.MethodInvocationHelper.invokeMethod(MethodInvocationHelper.java:139)
at org.testng.internal.invokers.TestInvoker.invokeMethod(TestInvoker.java:664)
at org.testng.internal.invokers.TestInvoker.invokeTestMethod(TestInvoker.java:228)
at org.testng.internal.invokers.MethodRunner.runInSequence(MethodRunner.java:63)
at org.testng.internal.invokers.TestInvoker$MethodInvocationAgent.invoke(TestInvoker.java:961)
at org.testng.internal.invokers.TestInvoker.invokeTestMethods(TestInvoker.java:201)
at org.testng.internal.invokers.TestMethodWorker.invokeTestMethods(TestMethodWorker.java:148)
at org.testng.internal.invokers.TestMethodWorker.run(TestMethodWorker.java:128)
at java.base/java.util.ArrayList.forEach(ArrayList.java:1511)
at org.testng.TestRunner.privateRun(TestRunner.java:819)
at org.testng.TestRunner.run(TestRunner.java:619)
at org.testng.SuiteRunner.runTest(SuiteRunner.java:443)
at org.testng.SuiteRunner.runSequentially(SuiteRunner.java:437)
at org.testng.SuiteRunner.privateRun(SuiteRunner.java:397)
at org.testng.SuiteRunner.run(SuiteRunner.java:336)
at org.testng.SuiteRunnerWorker.runSuite(SuiteRunnerWorker.java:52)
at org.testng.SuiteRunnerWorker.run(SuiteRunnerWorker.java:95)
at org.testng.TestNG.runSuitesSequentially(TestNG.java:1301)
at org.testng.TestNG.runSuitesLocally(TestNG.java:1228)
at org.testng.TestNG.runSuites(TestNG.java:1134)
at org.testng.TestNG.run(TestNG.java:1101)
at org.testng.remote.AbstractRemoteTestNG.run(AbstractRemoteTestNG.java:115)
at org.testng.remote.RemoteTestNG.initAndRun(RemoteTestNG.java:251)
at org.testng.remote.RemoteTestNG.main(RemoteTestNG.java:77)
]]>
            </full-stacktrace>
          </exception> <!-- java.lang.AssertionError -->
          <reporter-output>
          </reporter-output>
        </test-method> <!-- createProductTest -->
        <test-method is-config="true" signature="afterMethod()[pri:0, instance:product.CreateProductTest@6e535154]" started-at="2025-04-17T15:25:13 IST" name="afterMethod" finished-at="2025-04-17T15:25:14 IST" duration-ms="1465" status="PASS">
          <reporter-output>
          </reporter-output>
        </test-method> <!-- afterMethod -->
        <test-method is-config="true" signature="afterClass()[pri:0, instance:product.CreateProductTest@6e535154]" started-at="2025-04-17T15:25:14 IST" name="afterClass" finished-at="2025-04-17T15:25:16 IST" duration-ms="1691" status="PASS">
          <reporter-output>
          </reporter-output>
        </test-method> <!-- afterClass -->
        <test-method is-config="true" signature="afterTest()[pri:0, instance:product.CreateProductTest@6e535154]" started-at="2025-04-17T15:25:16 IST" name="afterTest" finished-at="2025-04-17T15:25:16 IST" duration-ms="2" status="PASS">
          <reporter-output>
          </reporter-output>
        </test-method> <!-- afterTest -->
        <test-method is-config="true" signature="afterSuite()[pri:0, instance:product.CreateProductTest@6e535154]" started-at="2025-04-17T15:25:16 IST" name="afterSuite" finished-at="2025-04-17T15:25:16 IST" duration-ms="1" status="PASS">
          <reporter-output>
          </reporter-output>
        </test-method> <!-- afterSuite -->
      </class> <!-- product.CreateProductTest -->
    </test> <!-- Default test -->
  </suite> <!-- Default suite -->
</testng-results>
